{"C:\\xampp\\htdocs\\testing-todolist\\__mock__\\items.js": {"path":"C:\\xampp\\htdocs\\testing-todolist\\__mock__\\items.js","statementMap":{"0":{"start":{"line":3,"column":23},"end":{"line":21,"column":1}},"1":{"start":{"line":4,"column":15},"end":{"line":4,"column":17}},"2":{"start":{"line":5,"column":18},"end":{"line":5,"column":31}},"3":{"start":{"line":7,"column":2},"end":{"line":18,"column":4}},"4":{"start":{"line":19,"column":2},"end":{"line":19,"column":32}},"5":{"start":{"line":20,"column":2},"end":{"line":20,"column":14}},"6":{"start":{"line":23,"column":26},"end":{"line":30,"column":1}},"7":{"start":{"line":24,"column":13},"end":{"line":24,"column":15}},"8":{"start":{"line":25,"column":18},"end":{"line":25,"column":31}},"9":{"start":{"line":26,"column":2},"end":{"line":26,"column":35}},"10":{"start":{"line":27,"column":2},"end":{"line":27,"column":21}},"11":{"start":{"line":28,"column":2},"end":{"line":28,"column":32}},"12":{"start":{"line":29,"column":2},"end":{"line":29,"column":14}},"13":{"start":{"line":32,"column":26},"end":{"line":44,"column":1}},"14":{"start":{"line":33,"column":13},"end":{"line":33,"column":15}},"15":{"start":{"line":34,"column":18},"end":{"line":34,"column":31}},"16":{"start":{"line":35,"column":2},"end":{"line":35,"column":35}},"17":{"start":{"line":36,"column":2},"end":{"line":41,"column":5}},"18":{"start":{"line":37,"column":4},"end":{"line":39,"column":5}},"19":{"start":{"line":38,"column":6},"end":{"line":38,"column":41}},"20":{"start":{"line":40,"column":4},"end":{"line":40,"column":14}},"21":{"start":{"line":42,"column":2},"end":{"line":42,"column":32}},"22":{"start":{"line":43,"column":2},"end":{"line":43,"column":14}},"23":{"start":{"line":46,"column":24},"end":{"line":60,"column":1}},"24":{"start":{"line":47,"column":13},"end":{"line":47,"column":15}},"25":{"start":{"line":48,"column":18},"end":{"line":48,"column":31}},"26":{"start":{"line":49,"column":2},"end":{"line":49,"column":35}},"27":{"start":{"line":50,"column":2},"end":{"line":50,"column":24}},"28":{"start":{"line":51,"column":2},"end":{"line":57,"column":3}},"29":{"start":{"line":52,"column":4},"end":{"line":56,"column":6}},"30":{"start":{"line":58,"column":2},"end":{"line":58,"column":32}},"31":{"start":{"line":59,"column":2},"end":{"line":59,"column":14}},"32":{"start":{"line":62,"column":30},"end":{"line":72,"column":1}},"33":{"start":{"line":63,"column":13},"end":{"line":63,"column":15}},"34":{"start":{"line":64,"column":18},"end":{"line":64,"column":31}},"35":{"start":{"line":65,"column":2},"end":{"line":65,"column":35}},"36":{"start":{"line":66,"column":2},"end":{"line":66,"column":23}},"37":{"start":{"line":67,"column":2},"end":{"line":69,"column":3}},"38":{"start":{"line":68,"column":4},"end":{"line":68,"column":14}},"39":{"start":{"line":70,"column":2},"end":{"line":70,"column":32}},"40":{"start":{"line":71,"column":2},"end":{"line":71,"column":14}}},"fnMap":{"0":{"name":"(anonymous_0)","decl":{"start":{"line":3,"column":23},"end":{"line":3,"column":24}},"loc":{"start":{"line":3,"column":29},"end":{"line":21,"column":1}},"line":3},"1":{"name":"(anonymous_1)","decl":{"start":{"line":23,"column":26},"end":{"line":23,"column":27}},"loc":{"start":{"line":23,"column":34},"end":{"line":30,"column":1}},"line":23},"2":{"name":"(anonymous_2)","decl":{"start":{"line":32,"column":26},"end":{"line":32,"column":27}},"loc":{"start":{"line":32,"column":32},"end":{"line":44,"column":1}},"line":32},"3":{"name":"(anonymous_3)","decl":{"start":{"line":36,"column":15},"end":{"line":36,"column":16}},"loc":{"start":{"line":36,"column":23},"end":{"line":41,"column":3}},"line":36},"4":{"name":"(anonymous_4)","decl":{"start":{"line":46,"column":24},"end":{"line":46,"column":25}},"loc":{"start":{"line":46,"column":30},"end":{"line":60,"column":1}},"line":46},"5":{"name":"(anonymous_5)","decl":{"start":{"line":62,"column":30},"end":{"line":62,"column":31}},"loc":{"start":{"line":62,"column":36},"end":{"line":72,"column":1}},"line":62}},"branchMap":{"0":{"loc":{"start":{"line":37,"column":4},"end":{"line":39,"column":5}},"type":"if","locations":[{"start":{"line":37,"column":4},"end":{"line":39,"column":5}},{"start":{},"end":{}}],"line":37},"1":{"loc":{"start":{"line":51,"column":2},"end":{"line":57,"column":3}},"type":"if","locations":[{"start":{"line":51,"column":2},"end":{"line":57,"column":3}},{"start":{},"end":{}}],"line":51},"2":{"loc":{"start":{"line":67,"column":2},"end":{"line":69,"column":3}},"type":"if","locations":[{"start":{"line":67,"column":2},"end":{"line":69,"column":3}},{"start":{},"end":{}}],"line":67}},"s":{"0":1,"1":6,"2":6,"3":6,"4":6,"5":6,"6":1,"7":1,"8":1,"9":1,"10":1,"11":1,"12":1,"13":1,"14":2,"15":2,"16":2,"17":2,"18":4,"19":0,"20":4,"21":2,"22":2,"23":1,"24":1,"25":1,"26":1,"27":1,"28":1,"29":1,"30":1,"31":1,"32":1,"33":1,"34":1,"35":1,"36":1,"37":1,"38":1,"39":1,"40":1},"f":{"0":6,"1":1,"2":2,"3":4,"4":1,"5":1},"b":{"0":[0,4],"1":[1,0],"2":[1,0]},"_coverageSchema":"1a1c01bbd47fc00a2c39e90264f33305004495a9","hash":"c71039506eb7c30fc8e3c7f68b603c3051a5f353"}
,"C:\\xampp\\htdocs\\testing-todolist\\__mock__\\storage.js": {"path":"C:\\xampp\\htdocs\\testing-todolist\\__mock__\\storage.js","statementMap":{"0":{"start":{"line":3,"column":17},"end":{"line":3,"column":19}},"1":{"start":{"line":4,"column":4},"end":{"line":9,"column":5}},"2":{"start":{"line":8,"column":6},"end":{"line":8,"column":70}},"3":{"start":{"line":10,"column":4},"end":{"line":10,"column":58}},"4":{"start":{"line":14,"column":4},"end":{"line":14,"column":67}}},"fnMap":{"0":{"name":"(anonymous_0)","decl":{"start":{"line":2,"column":2},"end":{"line":2,"column":3}},"loc":{"start":{"line":2,"column":20},"end":{"line":11,"column":3}},"line":2},"1":{"name":"(anonymous_1)","decl":{"start":{"line":13,"column":2},"end":{"line":13,"column":3}},"loc":{"start":{"line":13,"column":23},"end":{"line":15,"column":3}},"line":13}},"branchMap":{"0":{"loc":{"start":{"line":4,"column":4},"end":{"line":9,"column":5}},"type":"if","locations":[{"start":{"line":4,"column":4},"end":{"line":9,"column":5}},{"start":{},"end":{}}],"line":4},"1":{"loc":{"start":{"line":5,"column":6},"end":{"line":6,"column":59}},"type":"binary-expr","locations":[{"start":{"line":5,"column":6},"end":{"line":5,"column":49}},{"start":{"line":6,"column":9},"end":{"line":6,"column":59}}],"line":5}},"s":{"0":12,"1":12,"2":0,"3":12,"4":11},"f":{"0":12,"1":11},"b":{"0":[0,12],"1":[12,12]},"_coverageSchema":"1a1c01bbd47fc00a2c39e90264f33305004495a9","hash":"59190a500abe943aaa6a4775afae63eacfaef79c"}
}
