TN:
SF:__mock__\items.js
FN:3,(anonymous_0)
FN:23,(anonymous_1)
FN:32,(anonymous_2)
FN:36,(anonymous_3)
FN:46,(anonymous_4)
FN:62,(anonymous_5)
FNF:6
FNH:6
FNDA:6,(anonymous_0)
FNDA:1,(anonymous_1)
FNDA:2,(anonymous_2)
FNDA:4,(anonymous_3)
FNDA:1,(anonymous_4)
FNDA:1,(anonymous_5)
DA:3,1
DA:4,6
DA:5,6
DA:7,6
DA:19,6
DA:20,6
DA:23,1
DA:24,1
DA:25,1
DA:26,1
DA:27,1
DA:28,1
DA:29,1
DA:32,1
DA:33,2
DA:34,2
DA:35,2
DA:36,2
DA:37,4
DA:38,0
DA:40,4
DA:42,2
DA:43,2
DA:46,1
DA:47,1
DA:48,1
DA:49,1
DA:50,1
DA:51,1
DA:52,1
DA:58,1
DA:59,1
DA:62,1
DA:63,1
DA:64,1
DA:65,1
DA:66,1
DA:67,1
DA:68,1
DA:70,1
DA:71,1
LF:41
LH:40
BRDA:37,0,0,0
BRDA:37,0,1,4
BRDA:51,1,0,1
BRDA:51,1,1,0
BRDA:67,2,0,1
BRDA:67,2,1,0
BRF:6
BRH:3
end_of_record
TN:
SF:__mock__\storage.js
FN:2,(anonymous_0)
FN:13,(anonymous_1)
FNF:2
FNH:2
FNDA:12,(anonymous_0)
FNDA:11,(anonymous_1)
DA:3,12
DA:4,12
DA:8,0
DA:10,12
DA:14,11
LF:5
LH:4
BRDA:4,0,0,0
BRDA:4,0,1,12
BRDA:5,1,0,12
BRDA:5,1,1,12
BRF:4
BRH:3
end_of_record
